<?xml version="1.0" encoding="UTF-8" ?>
<testsuite tests="6" failures="0" name="AiLogicTests.HeuristicTest" time="22.895" errors="0" skipped="0">
  <properties>
[...]
</properties>
  <testcase classname="AiLogicTests.HeuristicTest" name="heuristicSymbolNearTest" time="6.368"/>
  <testcase classname="AiLogicTests.HeuristicTest" name="evaluateHeuristicTest" time="3.141"/>
  <testcase classname="AiLogicTests.HeuristicTest" name="theHeuristicTest" time="3.45"/>
  <testcase classname="AiLogicTests.HeuristicTest" name="realLengthTest" time="3.748"/>
  <testcase classname="AiLogicTests.HeuristicTest" name="heuristicBaseTest" time="3.416"/>
  <testcase classname="AiLogicTests.HeuristicTest" name="differentDirectionHeuristicsTest" time="2.772"/>
</testsuite>